<?xml version="1.0" encoding="UTF-8"?>
<coverage generated="1734789260949" clover="3.2.0">
  <project timestamp="1734789260949" name="All files">
    <metrics statements="96" coveredstatements="96" conditionals="10" coveredconditionals="10" methods="36" coveredmethods="36" elements="142" coveredelements="142" complexity="0" loc="96" ncloc="96" packages="5" files="11" classes="11"/>
    <package name="src.account.application.exception">
      <metrics statements="9" coveredstatements="9" conditionals="0" coveredconditionals="0" methods="3" coveredmethods="3"/>
      <file name="CredentialsInvalidError.ts" path="C:\Users\Giovanni Marques\Desktop\desafio-tecnico-tokenlab\backend\src\account\application\exception\CredentialsInvalidError.ts">
        <metrics statements="3" coveredstatements="3" conditionals="0" coveredconditionals="0" methods="1" coveredmethods="1"/>
        <line num="1" count="1" type="stmt"/>
        <line num="5" count="2" type="stmt"/>
        <line num="6" count="2" type="stmt"/>
      </file>
      <file name="EmailConflictError.ts" path="C:\Users\Giovanni Marques\Desktop\desafio-tecnico-tokenlab\backend\src\account\application\exception\EmailConflictError.ts">
        <metrics statements="3" coveredstatements="3" conditionals="0" coveredconditionals="0" methods="1" coveredmethods="1"/>
        <line num="1" count="1" type="stmt"/>
        <line num="5" count="1" type="stmt"/>
        <line num="6" count="1" type="stmt"/>
      </file>
      <file name="NotFoundError.ts" path="C:\Users\Giovanni Marques\Desktop\desafio-tecnico-tokenlab\backend\src\account\application\exception\NotFoundError.ts">
        <metrics statements="3" coveredstatements="3" conditionals="0" coveredconditionals="0" methods="1" coveredmethods="1"/>
        <line num="1" count="1" type="stmt"/>
        <line num="5" count="2" type="stmt"/>
        <line num="6" count="2" type="stmt"/>
      </file>
    </package>
    <package name="src.account.application.usecase">
      <metrics statements="21" coveredstatements="21" conditionals="3" coveredconditionals="3" methods="4" coveredmethods="4"/>
      <file name="Authentication.ts" path="C:\Users\Giovanni Marques\Desktop\desafio-tecnico-tokenlab\backend\src\account\application\usecase\Authentication.ts">
        <metrics statements="12" coveredstatements="12" conditionals="2" coveredconditionals="2" methods="2" coveredmethods="2"/>
        <line num="2" count="1" type="stmt"/>
        <line num="3" count="1" type="stmt"/>
        <line num="6" count="1" type="stmt"/>
        <line num="14" count="3" type="stmt"/>
        <line num="15" count="3" type="stmt"/>
        <line num="19" count="3" type="stmt"/>
        <line num="20" count="3" type="cond" truecount="1" falsecount="0"/>
        <line num="21" count="1" type="stmt"/>
        <line num="23" count="2" type="cond" truecount="1" falsecount="0"/>
        <line num="24" count="1" type="stmt"/>
        <line num="26" count="1" type="stmt"/>
        <line num="33" count="1" type="stmt"/>
      </file>
      <file name="CreateAccount.ts" path="C:\Users\Giovanni Marques\Desktop\desafio-tecnico-tokenlab\backend\src\account\application\usecase\CreateAccount.ts">
        <metrics statements="9" coveredstatements="9" conditionals="1" coveredconditionals="1" methods="2" coveredmethods="2"/>
        <line num="1" count="1" type="stmt"/>
        <line num="2" count="1" type="stmt"/>
        <line num="5" count="1" type="stmt"/>
        <line num="9" count="2" type="stmt"/>
        <line num="13" count="3" type="stmt"/>
        <line num="16" count="3" type="cond" truecount="1" falsecount="0"/>
        <line num="17" count="1" type="stmt"/>
        <line num="19" count="2" type="stmt"/>
        <line num="25" count="2" type="stmt"/>
      </file>
    </package>
    <package name="src.account.domain.entity">
      <metrics statements="29" coveredstatements="29" conditionals="0" coveredconditionals="0" methods="11" coveredmethods="11"/>
      <file name="Account.ts" path="C:\Users\Giovanni Marques\Desktop\desafio-tecnico-tokenlab\backend\src\account\domain\entity\Account.ts">
        <metrics statements="29" coveredstatements="29" conditionals="0" coveredconditionals="0" methods="11" coveredmethods="11"/>
        <line num="1" count="3" type="stmt"/>
        <line num="2" count="3" type="stmt"/>
        <line num="3" count="3" type="stmt"/>
        <line num="4" count="3" type="stmt"/>
        <line num="6" count="3" type="stmt"/>
        <line num="20" count="10" type="stmt"/>
        <line num="21" count="10" type="stmt"/>
        <line num="22" count="10" type="stmt"/>
        <line num="23" count="10" type="stmt"/>
        <line num="24" count="10" type="stmt"/>
        <line num="33" count="6" type="stmt"/>
        <line num="34" count="6" type="stmt"/>
        <line num="35" count="6" type="stmt"/>
        <line num="36" count="6" type="stmt"/>
        <line num="37" count="6" type="stmt"/>
        <line num="38" count="6" type="stmt"/>
        <line num="49" count="4" type="stmt"/>
        <line num="50" count="4" type="stmt"/>
        <line num="51" count="4" type="stmt"/>
        <line num="52" count="4" type="stmt"/>
        <line num="53" count="4" type="stmt"/>
        <line num="57" count="8" type="stmt"/>
        <line num="61" count="8" type="stmt"/>
        <line num="65" count="8" type="stmt"/>
        <line num="69" count="1" type="stmt"/>
        <line num="73" count="6" type="stmt"/>
        <line num="77" count="6" type="stmt"/>
        <line num="81" count="3" type="stmt"/>
        <line num="85" count="6" type="stmt"/>
      </file>
    </package>
    <package name="src.account.domain.vo">
      <metrics statements="30" coveredstatements="30" conditionals="6" coveredconditionals="6" methods="14" coveredmethods="14"/>
      <file name="Email.ts" path="C:\Users\Giovanni Marques\Desktop\desafio-tecnico-tokenlab\backend\src\account\domain\vo\Email.ts">
        <metrics statements="5" coveredstatements="5" conditionals="1" coveredconditionals="1" methods="2" coveredmethods="2"/>
        <line num="1" count="4" type="stmt"/>
        <line num="5" count="20" type="cond" truecount="1" falsecount="0"/>
        <line num="6" count="5" type="stmt"/>
        <line num="8" count="15" type="stmt"/>
        <line num="12" count="11" type="stmt"/>
      </file>
      <file name="Name.ts" path="C:\Users\Giovanni Marques\Desktop\desafio-tecnico-tokenlab\backend\src\account\domain\vo\Name.ts">
        <metrics statements="8" coveredstatements="8" conditionals="3" coveredconditionals="3" methods="4" coveredmethods="4"/>
        <line num="1" count="4" type="stmt"/>
        <line num="6" count="24" type="cond" truecount="1" falsecount="0"/>
        <line num="10" count="11" type="stmt"/>
        <line num="12" count="13" type="stmt"/>
        <line num="13" count="13" type="stmt"/>
        <line num="17" count="11" type="stmt"/>
        <line num="21" count="11" type="stmt"/>
        <line num="25" count="4" type="stmt"/>
      </file>
      <file name="Password.ts" path="C:\Users\Giovanni Marques\Desktop\desafio-tecnico-tokenlab\backend\src\account\domain\vo\Password.ts">
        <metrics statements="10" coveredstatements="10" conditionals="1" coveredconditionals="1" methods="5" coveredmethods="5"/>
        <line num="1" count="4" type="stmt"/>
        <line num="3" count="4" type="stmt"/>
        <line num="7" count="18" type="stmt"/>
        <line num="11" count="18" type="cond" truecount="1" falsecount="0"/>
        <line num="12" count="5" type="stmt"/>
        <line num="14" count="13" type="stmt"/>
        <line num="18" count="13" type="stmt"/>
        <line num="22" count="5" type="stmt"/>
        <line num="26" count="4" type="stmt"/>
        <line num="33" count="17" type="stmt"/>
      </file>
      <file name="UUID.ts" path="C:\Users\Giovanni Marques\Desktop\desafio-tecnico-tokenlab\backend\src\account\domain\vo\UUID.ts">
        <metrics statements="7" coveredstatements="7" conditionals="1" coveredconditionals="1" methods="3" coveredmethods="3"/>
        <line num="1" count="4" type="stmt"/>
        <line num="5" count="19" type="cond" truecount="1" falsecount="0"/>
        <line num="10" count="5" type="stmt"/>
        <line num="12" count="14" type="stmt"/>
        <line num="16" count="7" type="stmt"/>
        <line num="17" count="7" type="stmt"/>
        <line num="21" count="11" type="stmt"/>
      </file>
    </package>
    <package name="test.account.infra.repository">
      <metrics statements="7" coveredstatements="7" conditionals="1" coveredconditionals="1" methods="4" coveredmethods="4"/>
      <file name="AccountRepositoryMemory.ts" path="C:\Users\Giovanni Marques\Desktop\desafio-tecnico-tokenlab\backend\test\account\infra\repository\AccountRepositoryMemory.ts">
        <metrics statements="7" coveredstatements="7" conditionals="1" coveredconditionals="1" methods="4" coveredmethods="4"/>
        <line num="2" count="2" type="stmt"/>
        <line num="4" count="2" type="stmt"/>
        <line num="15" count="5" type="stmt"/>
        <line num="19" count="5" type="stmt"/>
        <line num="30" count="7" type="stmt"/>
        <line num="31" count="7" type="cond" truecount="1" falsecount="0"/>
        <line num="32" count="4" type="stmt"/>
      </file>
    </package>
  </project>
</coverage>
