{"C:\\Users\\Giovanni Marques\\Desktop\\desafio-tecnico-tokenlab\\backend\\src\\account\\application\\exception\\EmailConflictError.ts": {"path":"C:\\Users\\Giovanni Marques\\Desktop\\desafio-tecnico-tokenlab\\backend\\src\\account\\application\\exception\\EmailConflictError.ts","statementMap":{"0":{"start":{"line":5,"column":4},"end":{"line":5,"column":19}},"1":{"start":{"line":6,"column":4},"end":{"line":6,"column":22}},"2":{"start":{"line":1,"column":0},"end":{"line":1,"column":13}}},"fnMap":{"0":{"name":"(anonymous_0)","decl":{"start":{"line":4,"column":2},"end":{"line":4,"column":14}},"loc":{"start":{"line":4,"column":29},"end":{"line":7,"column":3}}}},"branchMap":{},"s":{"0":1,"1":1,"2":1},"f":{"0":1},"b":{}}
,"C:\\Users\\Giovanni Marques\\Desktop\\desafio-tecnico-tokenlab\\backend\\src\\account\\application\\usecase\\CreateAccount.ts": {"path":"C:\\Users\\Giovanni Marques\\Desktop\\desafio-tecnico-tokenlab\\backend\\src\\account\\application\\usecase\\CreateAccount.ts","statementMap":{"0":{"start":{"line":1,"column":0},"end":{"line":1,"column":54}},"1":{"start":{"line":2,"column":0},"end":{"line":2,"column":69}},"2":{"start":{"line":9,"column":4},"end":{"line":9,"column":47}},"3":{"start":{"line":13,"column":33},"end":{"line":14,"column":null}},"4":{"start":{"line":16,"column":4},"end":{"line":18,"column":5}},"5":{"start":{"line":17,"column":6},"end":{"line":17,"column":68}},"6":{"start":{"line":19,"column":20},"end":{"line":23,"column":null}},"7":{"start":{"line":26,"column":4},"end":{"line":26,"column":25}},"8":{"start":{"line":27,"column":4},"end":{"line":27,"column":47}},"9":{"start":{"line":5,"column":0},"end":{"line":5,"column":13}}},"fnMap":{"0":{"name":"(anonymous_7)","decl":{"start":{"line":8,"column":2},"end":{"line":8,"column":14}},"loc":{"start":{"line":8,"column":50},"end":{"line":10,"column":3}}},"1":{"name":"(anonymous_8)","decl":{"start":{"line":12,"column":8},"end":{"line":12,"column":15}},"loc":{"start":{"line":12,"column":41},"end":{"line":28,"column":null}}}},"branchMap":{"0":{"loc":{"start":{"line":16,"column":4},"end":{"line":18,"column":5}},"type":"if","locations":[{"start":{"line":16,"column":4},"end":{"line":18,"column":5}}]}},"s":{"0":1,"1":1,"2":2,"3":3,"4":3,"5":1,"6":2,"7":2,"8":2,"9":1},"f":{"0":2,"1":3},"b":{"0":[1]}}
,"C:\\Users\\Giovanni Marques\\Desktop\\desafio-tecnico-tokenlab\\backend\\src\\account\\domain\\entity\\Account.ts": {"path":"C:\\Users\\Giovanni Marques\\Desktop\\desafio-tecnico-tokenlab\\backend\\src\\account\\domain\\entity\\Account.ts","statementMap":{"0":{"start":{"line":1,"column":0},"end":{"line":1,"column":36}},"1":{"start":{"line":2,"column":0},"end":{"line":2,"column":34}},"2":{"start":{"line":3,"column":0},"end":{"line":3,"column":42}},"3":{"start":{"line":4,"column":0},"end":{"line":4,"column":34}},"4":{"start":{"line":20,"column":4},"end":{"line":20,"column":31}},"5":{"start":{"line":21,"column":4},"end":{"line":21,"column":21}},"6":{"start":{"line":22,"column":4},"end":{"line":22,"column":23}},"7":{"start":{"line":23,"column":4},"end":{"line":23,"column":29}},"8":{"start":{"line":24,"column":4},"end":{"line":24,"column":25}},"9":{"start":{"line":33,"column":22},"end":{"line":33,"column":35}},"10":{"start":{"line":34,"column":17},"end":{"line":34,"column":46}},"11":{"start":{"line":35,"column":17},"end":{"line":35,"column":33}},"12":{"start":{"line":36,"column":30},"end":{"line":36,"column":55}},"13":{"start":{"line":37,"column":19},"end":{"line":37,"column":96}},"14":{"start":{"line":38,"column":4},"end":{"line":38,"column":73}},"15":{"start":{"line":49,"column":17},"end":{"line":49,"column":36}},"16":{"start":{"line":50,"column":17},"end":{"line":50,"column":46}},"17":{"start":{"line":51,"column":17},"end":{"line":51,"column":33}},"18":{"start":{"line":52,"column":17},"end":{"line":52,"column":43}},"19":{"start":{"line":53,"column":4},"end":{"line":53,"column":55}},"20":{"start":{"line":57,"column":4},"end":{"line":57,"column":36}},"21":{"start":{"line":61,"column":4},"end":{"line":61,"column":36}},"22":{"start":{"line":65,"column":4},"end":{"line":65,"column":35}},"23":{"start":{"line":69,"column":4},"end":{"line":69,"column":35}},"24":{"start":{"line":73,"column":4},"end":{"line":73,"column":33}},"25":{"start":{"line":77,"column":4},"end":{"line":77,"column":39}},"26":{"start":{"line":81,"column":4},"end":{"line":81,"column":51}},"27":{"start":{"line":85,"column":4},"end":{"line":85,"column":23}},"28":{"start":{"line":6,"column":0},"end":{"line":6,"column":13}}},"fnMap":{"0":{"name":"(anonymous_0)","decl":{"start":{"line":13,"column":2},"end":{"line":13,"column":null}},"loc":{"start":{"line":18,"column":18},"end":{"line":25,"column":3}}},"1":{"name":"(anonymous_1)","decl":{"start":{"line":27,"column":2},"end":{"line":27,"column":8}},"loc":{"start":{"line":31,"column":20},"end":{"line":39,"column":3}}},"2":{"name":"(anonymous_2)","decl":{"start":{"line":41,"column":2},"end":{"line":41,"column":8}},"loc":{"start":{"line":47,"column":18},"end":{"line":54,"column":3}}},"3":{"name":"(anonymous_3)","decl":{"start":{"line":56,"column":2},"end":{"line":56,"column":14}},"loc":{"start":{"line":56,"column":14},"end":{"line":58,"column":3}}},"4":{"name":"(anonymous_4)","decl":{"start":{"line":60,"column":2},"end":{"line":60,"column":14}},"loc":{"start":{"line":60,"column":14},"end":{"line":62,"column":3}}},"5":{"name":"(anonymous_5)","decl":{"start":{"line":64,"column":2},"end":{"line":64,"column":13}},"loc":{"start":{"line":64,"column":13},"end":{"line":66,"column":3}}},"6":{"name":"(anonymous_6)","decl":{"start":{"line":68,"column":2},"end":{"line":68,"column":13}},"loc":{"start":{"line":68,"column":13},"end":{"line":70,"column":3}}},"7":{"name":"(anonymous_7)","decl":{"start":{"line":72,"column":2},"end":{"line":72,"column":10}},"loc":{"start":{"line":72,"column":10},"end":{"line":74,"column":3}}},"8":{"name":"(anonymous_8)","decl":{"start":{"line":76,"column":2},"end":{"line":76,"column":13}},"loc":{"start":{"line":76,"column":13},"end":{"line":78,"column":3}}},"9":{"name":"(anonymous_9)","decl":{"start":{"line":80,"column":2},"end":{"line":80,"column":17}},"loc":{"start":{"line":80,"column":34},"end":{"line":82,"column":3}}},"10":{"name":"(anonymous_10)","decl":{"start":{"line":84,"column":2},"end":{"line":84,"column":11}},"loc":{"start":{"line":84,"column":11},"end":{"line":86,"column":3}}}},"branchMap":{},"s":{"0":2,"1":2,"2":2,"3":2,"4":5,"5":5,"6":5,"7":5,"8":5,"9":3,"10":3,"11":3,"12":3,"13":3,"14":3,"15":2,"16":2,"17":2,"18":2,"19":2,"20":4,"21":5,"22":5,"23":1,"24":3,"25":3,"26":1,"27":3,"28":2},"f":{"0":5,"1":3,"2":2,"3":4,"4":5,"5":5,"6":1,"7":3,"8":3,"9":1,"10":3},"b":{}}
,"C:\\Users\\Giovanni Marques\\Desktop\\desafio-tecnico-tokenlab\\backend\\src\\account\\domain\\vo\\Email.ts": {"path":"C:\\Users\\Giovanni Marques\\Desktop\\desafio-tecnico-tokenlab\\backend\\src\\account\\domain\\vo\\Email.ts","statementMap":{"0":{"start":{"line":5,"column":4},"end":{"line":7,"column":5}},"1":{"start":{"line":6,"column":6},"end":{"line":6,"column":40}},"2":{"start":{"line":8,"column":4},"end":{"line":8,"column":23}},"3":{"start":{"line":12,"column":4},"end":{"line":12,"column":22}},"4":{"start":{"line":1,"column":0},"end":{"line":1,"column":13}}},"fnMap":{"0":{"name":"(anonymous_0)","decl":{"start":{"line":4,"column":2},"end":{"line":4,"column":14}},"loc":{"start":{"line":4,"column":27},"end":{"line":9,"column":3}}},"1":{"name":"(anonymous_1)","decl":{"start":{"line":11,"column":2},"end":{"line":11,"column":10}},"loc":{"start":{"line":11,"column":10},"end":{"line":13,"column":3}}}},"branchMap":{"0":{"loc":{"start":{"line":5,"column":4},"end":{"line":7,"column":5}},"type":"if","locations":[{"start":{"line":5,"column":4},"end":{"line":7,"column":5}}]}},"s":{"0":15,"1":5,"2":10,"3":8,"4":3},"f":{"0":15,"1":8},"b":{"0":[5]}}
,"C:\\Users\\Giovanni Marques\\Desktop\\desafio-tecnico-tokenlab\\backend\\src\\account\\domain\\vo\\Name.ts": {"path":"C:\\Users\\Giovanni Marques\\Desktop\\desafio-tecnico-tokenlab\\backend\\src\\account\\domain\\vo\\Name.ts","statementMap":{"0":{"start":{"line":6,"column":4},"end":{"line":11,"column":5}},"1":{"start":{"line":10,"column":6},"end":{"line":10,"column":39}},"2":{"start":{"line":12,"column":4},"end":{"line":12,"column":31}},"3":{"start":{"line":13,"column":4},"end":{"line":13,"column":29}},"4":{"start":{"line":17,"column":4},"end":{"line":17,"column":26}},"5":{"start":{"line":21,"column":4},"end":{"line":21,"column":25}},"6":{"start":{"line":25,"column":4},"end":{"line":25,"column":48}},"7":{"start":{"line":1,"column":0},"end":{"line":1,"column":13}}},"fnMap":{"0":{"name":"(anonymous_0)","decl":{"start":{"line":5,"column":2},"end":{"line":5,"column":14}},"loc":{"start":{"line":5,"column":49},"end":{"line":14,"column":3}}},"1":{"name":"(anonymous_1)","decl":{"start":{"line":16,"column":2},"end":{"line":16,"column":14}},"loc":{"start":{"line":16,"column":14},"end":{"line":18,"column":3}}},"2":{"name":"(anonymous_2)","decl":{"start":{"line":20,"column":2},"end":{"line":20,"column":13}},"loc":{"start":{"line":20,"column":13},"end":{"line":22,"column":3}}},"3":{"name":"(anonymous_3)","decl":{"start":{"line":24,"column":2},"end":{"line":24,"column":13}},"loc":{"start":{"line":24,"column":13},"end":{"line":26,"column":3}}}},"branchMap":{"0":{"loc":{"start":{"line":6,"column":4},"end":{"line":11,"column":5}},"type":"if","locations":[{"start":{"line":6,"column":4},"end":{"line":11,"column":5}}]},"1":{"loc":{"start":{"line":7,"column":6},"end":{"line":8,"column":42}},"type":"binary-expr","locations":[{"start":{"line":7,"column":6},"end":{"line":7,"column":43}},{"start":{"line":8,"column":6},"end":{"line":8,"column":42}}]}},"s":{"0":19,"1":11,"2":8,"3":8,"4":8,"5":8,"6":4,"7":3},"f":{"0":19,"1":8,"2":8,"3":4},"b":{"0":[11],"1":[19,12]}}
,"C:\\Users\\Giovanni Marques\\Desktop\\desafio-tecnico-tokenlab\\backend\\src\\account\\domain\\vo\\Password.ts": {"path":"C:\\Users\\Giovanni Marques\\Desktop\\desafio-tecnico-tokenlab\\backend\\src\\account\\domain\\vo\\Password.ts","statementMap":{"0":{"start":{"line":1,"column":0},"end":{"line":1,"column":33}},"1":{"start":{"line":7,"column":4},"end":{"line":7,"column":29}},"2":{"start":{"line":11,"column":4},"end":{"line":13,"column":5}},"3":{"start":{"line":12,"column":6},"end":{"line":12,"column":43}},"4":{"start":{"line":14,"column":30},"end":{"line":17,"column":20}},"5":{"start":{"line":18,"column":4},"end":{"line":18,"column":43}},"6":{"start":{"line":22,"column":4},"end":{"line":22,"column":34}},"7":{"start":{"line":26,"column":4},"end":{"line":29,"column":6}},"8":{"start":{"line":33,"column":4},"end":{"line":33,"column":25}},"9":{"start":{"line":3,"column":0},"end":{"line":3,"column":13}}},"fnMap":{"0":{"name":"(anonymous_1)","decl":{"start":{"line":6,"column":2},"end":{"line":6,"column":22}},"loc":{"start":{"line":6,"column":38},"end":{"line":8,"column":3}}},"1":{"name":"(anonymous_2)","decl":{"start":{"line":10,"column":2},"end":{"line":10,"column":8}},"loc":{"start":{"line":10,"column":32},"end":{"line":19,"column":3}}},"2":{"name":"(anonymous_3)","decl":{"start":{"line":21,"column":2},"end":{"line":21,"column":8}},"loc":{"start":{"line":21,"column":33},"end":{"line":23,"column":3}}},"3":{"name":"(anonymous_4)","decl":{"start":{"line":25,"column":2},"end":{"line":25,"column":17}},"loc":{"start":{"line":25,"column":34},"end":{"line":30,"column":3}}},"4":{"name":"(anonymous_5)","decl":{"start":{"line":32,"column":2},"end":{"line":32,"column":13}},"loc":{"start":{"line":32,"column":13},"end":{"line":34,"column":3}}}},"branchMap":{"0":{"loc":{"start":{"line":11,"column":4},"end":{"line":13,"column":5}},"type":"if","locations":[{"start":{"line":11,"column":4},"end":{"line":13,"column":5}}]}},"s":{"0":3,"1":13,"2":15,"3":5,"4":10,"5":10,"6":3,"7":2,"8":12,"9":3},"f":{"0":13,"1":15,"2":3,"3":2,"4":12},"b":{"0":[5]}}
,"C:\\Users\\Giovanni Marques\\Desktop\\desafio-tecnico-tokenlab\\backend\\src\\account\\domain\\vo\\UUID.ts": {"path":"C:\\Users\\Giovanni Marques\\Desktop\\desafio-tecnico-tokenlab\\backend\\src\\account\\domain\\vo\\UUID.ts","statementMap":{"0":{"start":{"line":5,"column":4},"end":{"line":11,"column":5}},"1":{"start":{"line":10,"column":6},"end":{"line":10,"column":39}},"2":{"start":{"line":12,"column":4},"end":{"line":12,"column":22}},"3":{"start":{"line":16,"column":17},"end":{"line":16,"column":36}},"4":{"start":{"line":17,"column":4},"end":{"line":17,"column":26}},"5":{"start":{"line":21,"column":4},"end":{"line":21,"column":22}},"6":{"start":{"line":1,"column":0},"end":{"line":1,"column":13}}},"fnMap":{"0":{"name":"(anonymous_0)","decl":{"start":{"line":4,"column":2},"end":{"line":4,"column":14}},"loc":{"start":{"line":4,"column":26},"end":{"line":13,"column":3}}},"1":{"name":"(anonymous_1)","decl":{"start":{"line":15,"column":2},"end":{"line":15,"column":8}},"loc":{"start":{"line":15,"column":15},"end":{"line":18,"column":3}}},"2":{"name":"(anonymous_2)","decl":{"start":{"line":20,"column":2},"end":{"line":20,"column":9}},"loc":{"start":{"line":20,"column":9},"end":{"line":22,"column":3}}}},"branchMap":{"0":{"loc":{"start":{"line":5,"column":4},"end":{"line":11,"column":5}},"type":"if","locations":[{"start":{"line":5,"column":4},"end":{"line":11,"column":5}}]}},"s":{"0":14,"1":5,"2":9,"3":4,"4":4,"5":7,"6":3},"f":{"0":14,"1":4,"2":7},"b":{"0":[5]}}
,"C:\\Users\\Giovanni Marques\\Desktop\\desafio-tecnico-tokenlab\\backend\\test\\account\\infra\\repository\\AccountRepositoryMemory.ts": {"path":"C:\\Users\\Giovanni Marques\\Desktop\\desafio-tecnico-tokenlab\\backend\\test\\account\\infra\\repository\\AccountRepositoryMemory.ts","statementMap":{"0":{"start":{"line":2,"column":0},"end":{"line":2,"column":72}},"1":{"start":{"line":15,"column":4},"end":{"line":15,"column":23}},"2":{"start":{"line":19,"column":4},"end":{"line":26,"column":7}},"3":{"start":{"line":30,"column":20},"end":{"line":30,"column":76}},"4":{"start":{"line":30,"column":52},"end":{"line":30,"column":75}},"5":{"start":{"line":31,"column":4},"end":{"line":31,"column":35}},"6":{"start":{"line":31,"column":18},"end":{"line":31,"column":35}},"7":{"start":{"line":32,"column":4},"end":{"line":39,"column":6}},"8":{"start":{"line":4,"column":0},"end":{"line":4,"column":13}}},"fnMap":{"0":{"name":"(anonymous_7)","decl":{"start":{"line":14,"column":2},"end":{"line":14,"column":null}},"loc":{"start":{"line":14,"column":2},"end":{"line":16,"column":3}}},"1":{"name":"(anonymous_8)","decl":{"start":{"line":18,"column":8},"end":{"line":18,"column":12}},"loc":{"start":{"line":18,"column":29},"end":{"line":27,"column":null}}},"2":{"name":"(anonymous_10)","decl":{"start":{"line":29,"column":8},"end":{"line":29,"column":19}},"loc":{"start":{"line":29,"column":33},"end":{"line":40,"column":null}}},"3":{"name":"(anonymous_12)","decl":{"start":{"line":30,"column":39},"end":{"line":30,"column":40}},"loc":{"start":{"line":30,"column":52},"end":{"line":30,"column":75}}}},"branchMap":{"0":{"loc":{"start":{"line":31,"column":4},"end":{"line":31,"column":35}},"type":"if","locations":[{"start":{"line":31,"column":4},"end":{"line":31,"column":35}}]}},"s":{"0":1,"1":2,"2":2,"3":4,"4":2,"5":4,"6":2,"7":2,"8":1},"f":{"0":2,"1":2,"2":4,"3":2},"b":{"0":[2]}}
}
