TN:
SF:src\account\application\exception\EmailConflictError.ts
FN:4,(anonymous_0)
FNF:1
FNH:1
FNDA:1,(anonymous_0)
DA:1,1
DA:5,1
DA:6,1
LF:3
LH:3
BRF:0
BRH:0
end_of_record
TN:
SF:src\account\application\usecase\CreateAccount.ts
FN:8,(anonymous_7)
FN:12,(anonymous_8)
FNF:2
FNH:2
FNDA:2,(anonymous_7)
FNDA:3,(anonymous_8)
DA:1,1
DA:2,1
DA:5,1
DA:9,2
DA:13,3
DA:16,3
DA:17,1
DA:19,2
DA:26,2
DA:27,2
LF:10
LH:10
BRDA:16,0,0,1
BRF:1
BRH:1
end_of_record
TN:
SF:src\account\domain\entity\Account.ts
FN:13,(anonymous_0)
FN:27,(anonymous_1)
FN:41,(anonymous_2)
FN:56,(anonymous_3)
FN:60,(anonymous_4)
FN:64,(anonymous_5)
FN:68,(anonymous_6)
FN:72,(anonymous_7)
FN:76,(anonymous_8)
FN:80,(anonymous_9)
FN:84,(anonymous_10)
FNF:11
FNH:11
FNDA:5,(anonymous_0)
FNDA:3,(anonymous_1)
FNDA:2,(anonymous_2)
FNDA:4,(anonymous_3)
FNDA:5,(anonymous_4)
FNDA:5,(anonymous_5)
FNDA:1,(anonymous_6)
FNDA:3,(anonymous_7)
FNDA:3,(anonymous_8)
FNDA:1,(anonymous_9)
FNDA:3,(anonymous_10)
DA:1,2
DA:2,2
DA:3,2
DA:4,2
DA:6,2
DA:20,5
DA:21,5
DA:22,5
DA:23,5
DA:24,5
DA:33,3
DA:34,3
DA:35,3
DA:36,3
DA:37,3
DA:38,3
DA:49,2
DA:50,2
DA:51,2
DA:52,2
DA:53,2
DA:57,4
DA:61,5
DA:65,5
DA:69,1
DA:73,3
DA:77,3
DA:81,1
DA:85,3
LF:29
LH:29
BRF:0
BRH:0
end_of_record
TN:
SF:src\account\domain\vo\Email.ts
FN:4,(anonymous_0)
FN:11,(anonymous_1)
FNF:2
FNH:2
FNDA:15,(anonymous_0)
FNDA:8,(anonymous_1)
DA:1,3
DA:5,15
DA:6,5
DA:8,10
DA:12,8
LF:5
LH:5
BRDA:5,0,0,5
BRF:1
BRH:1
end_of_record
TN:
SF:src\account\domain\vo\Name.ts
FN:5,(anonymous_0)
FN:16,(anonymous_1)
FN:20,(anonymous_2)
FN:24,(anonymous_3)
FNF:4
FNH:4
FNDA:19,(anonymous_0)
FNDA:8,(anonymous_1)
FNDA:8,(anonymous_2)
FNDA:4,(anonymous_3)
DA:1,3
DA:6,19
DA:10,11
DA:12,8
DA:13,8
DA:17,8
DA:21,8
DA:25,4
LF:8
LH:8
BRDA:6,0,0,11
BRDA:7,1,0,19
BRDA:7,1,1,12
BRF:3
BRH:3
end_of_record
TN:
SF:src\account\domain\vo\Password.ts
FN:6,(anonymous_1)
FN:10,(anonymous_2)
FN:21,(anonymous_3)
FN:25,(anonymous_4)
FN:32,(anonymous_5)
FNF:5
FNH:5
FNDA:13,(anonymous_1)
FNDA:15,(anonymous_2)
FNDA:3,(anonymous_3)
FNDA:2,(anonymous_4)
FNDA:12,(anonymous_5)
DA:1,3
DA:3,3
DA:7,13
DA:11,15
DA:12,5
DA:14,10
DA:18,10
DA:22,3
DA:26,2
DA:33,12
LF:10
LH:10
BRDA:11,0,0,5
BRF:1
BRH:1
end_of_record
TN:
SF:src\account\domain\vo\UUID.ts
FN:4,(anonymous_0)
FN:15,(anonymous_1)
FN:20,(anonymous_2)
FNF:3
FNH:3
FNDA:14,(anonymous_0)
FNDA:4,(anonymous_1)
FNDA:7,(anonymous_2)
DA:1,3
DA:5,14
DA:10,5
DA:12,9
DA:16,4
DA:17,4
DA:21,7
LF:7
LH:7
BRDA:5,0,0,5
BRF:1
BRH:1
end_of_record
TN:
SF:test\account\infra\repository\AccountRepositoryMemory.ts
FN:14,(anonymous_7)
FN:18,(anonymous_8)
FN:29,(anonymous_10)
FN:30,(anonymous_12)
FNF:4
FNH:4
FNDA:2,(anonymous_7)
FNDA:2,(anonymous_8)
FNDA:4,(anonymous_10)
FNDA:2,(anonymous_12)
DA:2,1
DA:4,1
DA:15,2
DA:19,2
DA:30,4
DA:31,4
DA:32,2
LF:7
LH:7
BRDA:31,0,0,2
BRF:1
BRH:1
end_of_record
